<?xml version="1.0" encoding="UTF-8"?>
<testng-results total="5" passed="5" failed="0" skipped="0">
  <reporter-output>
  </reporter-output>
  <suite started-at="2022-07-23T18:42:31Z" name="Default suite" finished-at="2022-07-23T18:42:31Z" duration-ms="36">
    <groups>
    </groups>
    <test started-at="2022-07-23T18:42:31Z" name="Default test" finished-at="2022-07-23T18:42:31Z" duration-ms="36">
      <class name="org.tyss.sms001.MavenPractic1Test">
        <test-method signature="testAction1()[pri:0, instance:org.tyss.sms001.MavenPractic1Test@1b75c2e3]" started-at="2022-07-24T00:12:31Z" name="testAction1" finished-at="2022-07-24T00:12:31Z" duration-ms="9" status="PASS">
          <reporter-output>
          </reporter-output>
        </test-method> <!-- testAction1 -->
        <test-method signature="testAction2()[pri:0, instance:org.tyss.sms001.MavenPractic1Test@1b75c2e3]" started-at="2022-07-24T00:12:31Z" name="testAction2" finished-at="2022-07-24T00:12:31Z" duration-ms="1" status="PASS">
          <reporter-output>
          </reporter-output>
        </test-method> <!-- testAction2 -->
        <test-method signature="testAction3()[pri:0, instance:org.tyss.sms001.MavenPractic1Test@1b75c2e3]" started-at="2022-07-24T00:12:31Z" name="testAction3" finished-at="2022-07-24T00:12:31Z" duration-ms="1" status="PASS">
          <reporter-output>
          </reporter-output>
        </test-method> <!-- testAction3 -->
        <test-method signature="testAction4()[pri:0, instance:org.tyss.sms001.MavenPractic1Test@1b75c2e3]" started-at="2022-07-24T00:12:31Z" name="testAction4" finished-at="2022-07-24T00:12:31Z" duration-ms="1" status="PASS">
          <reporter-output>
          </reporter-output>
        </test-method> <!-- testAction4 -->
        <test-method signature="testAction5()[pri:0, instance:org.tyss.sms001.MavenPractic1Test@1b75c2e3]" started-at="2022-07-24T00:12:31Z" name="testAction5" finished-at="2022-07-24T00:12:31Z" duration-ms="1" status="PASS">
          <reporter-output>
          </reporter-output>
        </test-method> <!-- testAction5 -->
      </class> <!-- org.tyss.sms001.MavenPractic1Test -->
    </test> <!-- Default test -->
  </suite> <!-- Default suite -->
</testng-results>
